[    0.000000] Linux version 4.15.0-212-generic (buildd@lcy02-amd64-083) (gcc version 7.5.0 (Ubuntu 7.5.0-3ubuntu1~18.04)) #223-Ubuntu SMP Tue May 23 13:09:22 UTC 2023 (Ubuntu 4.15.0-212.223-generic 4.15.18)
[    0.000000] Command line: BOOT_IMAGE=/boot/vmlinuz-4.15.0-212-generic root=LABEL=cloudimg-rootfs ro console=tty1 console=ttyS0
[    0.000000] KERNEL supported cpus:
[    0.000000]   Intel GenuineIntel
[    0.000000]   AMD AuthenticAMD
[    0.000000]   Centaur CentaurHauls
[    0.000000] [Firmware Bug]: TSC doesn't count with P0 frequency!
[    0.000000] x86/fpu: Supporting XSAVE feature 0x001: 'x87 floating point registers'
[    0.000000] x86/fpu: Supporting XSAVE feature 0x002: 'SSE registers'
[    0.000000] x86/fpu: Supporting XSAVE feature 0x004: 'AVX registers'
[    0.000000] x86/fpu: xstate_offset[2]:  576, xstate_sizes[2]:  256
[    0.000000] x86/fpu: Enabled xstate features 0x7, context size is 832 bytes, using 'standard' format.
[    0.000000] e820: BIOS-provided physical RAM map:
[    0.000000] BIOS-e820: [mem 0x0000000000000000-0x000000000009fbff] usable
[    0.000000] BIOS-e820: [mem 0x000000000009fc00-0x000000000009ffff] reserved
[    0.000000] BIOS-e820: [mem 0x00000000000f0000-0x00000000000fffff] reserved
[    0.000000] BIOS-e820: [mem 0x0000000000100000-0x000000003ffeffff] usable
[    0.000000] BIOS-e820: [mem 0x000000003fff0000-0x000000003fffffff] ACPI data
[    0.000000] BIOS-e820: [mem 0x00000000fec00000-0x00000000fec00fff] reserved
[    0.000000] BIOS-e820: [mem 0x00000000fee00000-0x00000000fee00fff] reserved
[    0.000000] BIOS-e820: [mem 0x00000000fffc0000-0x00000000ffffffff] reserved
[    0.000000] NX (Execute Disable) protection: active
[    0.000000] SMBIOS 2.5 present.
[    0.000000] DMI: innotek GmbH VirtualBox/VirtualBox, BIOS VirtualBox 12/01/2006
[    0.000000] Hypervisor detected: KVM
[    0.000000] e820: last_pfn = 0x3fff0 max_arch_pfn = 0x400000000
[    0.000000] MTRR: Disabled
[    0.000000] x86/PAT: MTRRs disabled, skipping PAT initialization too.
[    0.000000] CPU MTRRs all blank - virtualized system.
[    0.000000] x86/PAT: Configuration [0-7]: WB  WT  UC- UC  WB  WT  UC- UC  
[    0.000000] found SMP MP-table at [mem 0x0009fff0-0x0009ffff]
[    0.000000] Scanning 1 areas for low memory corruption
[    0.000000] RAMDISK: [mem 0x359cb000-0x36cdcfff]
[    0.000000] ACPI: Early table checksum verification disabled
[    0.000000] ACPI: RSDP 0x00000000000E0000 000024 (v02 VBOX  )
[    0.000000] ACPI: XSDT 0x000000003FFF0030 00003C (v01 VBOX   VBOXXSDT 00000001 ASL  00000061)
[    0.000000] ACPI: FACP 0x000000003FFF00F0 0000F4 (v04 VBOX   VBOXFACP 00000001 ASL  00000061)
[    0.000000] ACPI: DSDT 0x000000003FFF0470 002325 (v02 VBOX   VBOXBIOS 00000002 INTL 20100528)
[    0.000000] ACPI: FACS 0x000000003FFF0200 000040
[    0.000000] ACPI: FACS 0x000000003FFF0200 000040
[    0.000000] ACPI: APIC 0x000000003FFF0240 000054 (v02 VBOX   VBOXAPIC 00000001 ASL  00000061)
[    0.000000] ACPI: SSDT 0x000000003FFF02A0 0001CC (v01 VBOX   VBOXCPUT 00000002 INTL 20100528)
[    0.000000] ACPI: Reserving FACP table memory at [mem 0x3fff00f0-0x3fff01e3]
[    0.000000] ACPI: Reserving DSDT table memory at [mem 0x3fff0470-0x3fff2794]
[    0.000000] ACPI: Reserving FACS table memory at [mem 0x3fff0200-0x3fff023f]
[    0.000000] ACPI: Reserving FACS table memory at [mem 0x3fff0200-0x3fff023f]
[    0.000000] ACPI: Reserving APIC table memory at [mem 0x3fff0240-0x3fff0293]
[    0.000000] ACPI: Reserving SSDT table memory at [mem 0x3fff02a0-0x3fff046b]
[    0.000000] No NUMA configuration found
[    0.000000] Faking a node at [mem 0x0000000000000000-0x000000003ffeffff]
[    0.000000] NODE_DATA(0) allocated [mem 0x3ffc5000-0x3ffeffff]
[    0.000000] kvm-clock: cpu 0, msr 0:3ff44001, primary cpu clock
[    0.000000] kvm-clock: Using msrs 4b564d01 and 4b564d00
[    0.000000] kvm-clock: using sched offset of 2979148769 cycles
[    0.000000] clocksource: kvm-clock: mask: 0xffffffffffffffff max_cycles: 0x1cd42e4dffb, max_idle_ns: 881590591483 ns
[    0.000000] Zone ranges:
[    0.000000]   DMA      [mem 0x0000000000001000-0x0000000000ffffff]
[    0.000000]   DMA32    [mem 0x0000000001000000-0x000000003ffeffff]
[    0.000000]   Normal   empty
[    0.000000]   Device   empty
[    0.000000] Movable zone start for each node
[    0.000000] Early memory node ranges
[    0.000000]   node   0: [mem 0x0000000000001000-0x000000000009efff]
[    0.000000]   node   0: [mem 0x0000000000100000-0x000000003ffeffff]
[    0.000000] Reserved but unavailable: 104 pages
[    0.000000] Initmem setup node 0 [mem 0x0000000000001000-0x000000003ffeffff]
[    0.000000] ACPI: PM-Timer IO Port: 0x4008
[    0.000000] IOAPIC[0]: apic_id 1, version 32, address 0xfec00000, GSI 0-23
[    0.000000] ACPI: INT_SRC_OVR (bus 0 bus_irq 0 global_irq 2 dfl dfl)
[    0.000000] ACPI: INT_SRC_OVR (bus 0 bus_irq 9 global_irq 9 low level)
[    0.000000] Using ACPI (MADT) for SMP configuration information
[    0.000000] smpboot: Allowing 1 CPUs, 0 hotplug CPUs
[    0.000000] PM: Registered nosave memory: [mem 0x00000000-0x00000fff]
[    0.000000] PM: Registered nosave memory: [mem 0x0009f000-0x0009ffff]
[    0.000000] PM: Registered nosave memory: [mem 0x000a0000-0x000effff]
[    0.000000] PM: Registered nosave memory: [mem 0x000f0000-0x000fffff]
[    0.000000] e820: [mem 0x40000000-0xfebfffff] available for PCI devices
[    0.000000] Booting paravirtualized kernel on KVM
[    0.000000] clocksource: refined-jiffies: mask: 0xffffffff max_cycles: 0xffffffff, max_idle_ns: 7645519600211568 ns
[    0.000000] setup_percpu: NR_CPUS:8192 nr_cpumask_bits:1 nr_cpu_ids:1 nr_node_ids:1
[    0.000000] percpu: Embedded 50 pages/cpu s167936 r8192 d28672 u2097152
[    0.000000] PV qspinlock hash table entries: 256 (order: 0, 4096 bytes)
[    0.000000] Built 1 zonelists, mobility grouping on.  Total pages: 257913
[    0.000000] Policy zone: DMA32
[    0.000000] Kernel command line: BOOT_IMAGE=/boot/vmlinuz-4.15.0-212-generic root=LABEL=cloudimg-rootfs ro console=tty1 console=ttyS0
[    0.000000] Memory: 982844K/1048120K available (12300K kernel code, 2477K rwdata, 4324K rodata, 2480K init, 2720K bss, 65276K reserved, 0K cma-reserved)
[    0.000000] SLUB: HWalign=64, Order=0-3, MinObjects=0, CPUs=1, Nodes=1
[    0.000000] ftrace: allocating 39508 entries in 155 pages
[    0.004000] Hierarchical RCU implementation.
[    0.004000] 	RCU restricting CPUs from NR_CPUS=8192 to nr_cpu_ids=1.
[    0.004000] 	Tasks RCU enabled.
[    0.004000] RCU: Adjusting geometry for rcu_fanout_leaf=16, nr_cpu_ids=1
[    0.004000] NR_IRQS: 524544, nr_irqs: 256, preallocated irqs: 16
[    0.004000] random: crng init done
[    0.004000] Console: colour VGA+ 80x25
[    0.004000] console [tty1] enabled
[    0.004000] console [ttyS0] enabled
[    0.004000] ACPI: Core revision 20170831
[    0.004000] ACPI: 2 ACPI AML tables successfully acquired and loaded
[    0.004000] APIC: Switch to symmetric I/O mode setup
[    0.004000] x2apic enabled
[    0.004000] Switched APIC routing to physical x2apic.
[    0.004000] ..TIMER: vector=0x30 apic1=0 pin1=2 apic2=-1 pin2=-1
[    0.004000] tsc: Detected 3667.890 MHz processor
[    0.004000] Calibrating delay loop (skipped) preset value.. 7335.78 BogoMIPS (lpj=14671560)
[    0.004000] pid_max: default: 32768 minimum: 301
[    0.004000] Security Framework initialized
[    0.004000] Yama: becoming mindful.
[    0.004017] AppArmor: AppArmor initialized
[    0.004916] Dentry cache hash table entries: 131072 (order: 8, 1048576 bytes)
[    0.005505] Inode-cache hash table entries: 65536 (order: 7, 524288 bytes)
[    0.006015] Mount-cache hash table entries: 2048 (order: 2, 16384 bytes)
[    0.006498] Mountpoint-cache hash table entries: 2048 (order: 2, 16384 bytes)
[    0.007181] CPU0: Hyper-Threading is disabled
[    0.007553] Last level iTLB entries: 4KB 1024, 2MB 1024, 4MB 512
[    0.008005] Last level dTLB entries: 4KB 2048, 2MB 2048, 4MB 1024, 1GB 0
[    0.008478] Spectre V1 : Mitigation: usercopy/swapgs barriers and __user pointer sanitization
[    0.009101] Spectre V2 : Mitigation: Retpolines
[    0.009439] Spectre V2 : Spectre v2 / SpectreRSB mitigation: Filling RSB on context switch
[    0.010026] Spectre V2 : Spectre v2 / SpectreRSB : Filling RSB on VMEXIT
[    0.010493] RETBleed: Vulnerable
[    0.014675] Freeing SMP alternatives memory: 36K
[    0.124000] smpboot: CPU0: AMD Ryzen 5 4600G with Radeon Graphics (family: 0x17, model: 0x60, stepping: 0x1)
[    0.124000] Performance Events: PMU not available due to virtualization, using software events only.
[    0.124000] Hierarchical SRCU implementation.
[    0.124000] NMI watchdog: Perf event create on CPU 0 failed with -2
[    0.124000] NMI watchdog: Perf NMI watchdog permanently disabled
[    0.124000] smp: Bringing up secondary CPUs ...
[    0.124002] smp: Brought up 1 node, 1 CPU
[    0.124318] smpboot: Max logical packages: 1
[    0.124639] smpboot: Total of 1 processors activated (7335.78 BogoMIPS)
[    0.125209] devtmpfs: initialized
[    0.125538] x86/mm: Memory block size: 128MB
[    0.125947] evm: security.selinux
[    0.126216] evm: security.SMACK64
[    0.126476] evm: security.SMACK64EXEC
[    0.126754] evm: security.SMACK64TRANSMUTE
[    0.127066] evm: security.SMACK64MMAP
[    0.127350] evm: security.apparmor
[    0.127615] evm: security.ima
[    0.127851] evm: security.capability
[    0.128065] clocksource: jiffies: mask: 0xffffffff max_cycles: 0xffffffff, max_idle_ns: 7645041785100000 ns
[    0.128753] futex hash table entries: 256 (order: 2, 16384 bytes)
[    0.129215] pinctrl core: initialized pinctrl subsystem
[    0.129658] RTC time:  0:21:47, date: 07/19/23
[    0.130061] NET: Registered protocol family 16
[    0.130440] audit: initializing netlink subsys (disabled)
[    0.130904] cpuidle: using governor ladder
[    0.131241] cpuidle: using governor menu
[    0.131686] ACPI: bus type PCI registered
[    0.132003] acpiphp: ACPI Hot Plug PCI Controller Driver version: 0.5
[    0.132520] PCI: Using configuration type 1 for base access
[    0.132929] PCI: Using configuration type 1 for extended access
[    0.133399] audit: type=2000 audit(1689726111.403:1): state=initialized audit_enabled=0 res=1
[    0.134601] HugeTLB registered 2.00 MiB page size, pre-allocated 0 pages
[    0.135680] ACPI: Added _OSI(Module Device)
[    0.136006] ACPI: Added _OSI(Processor Device)
[    0.136339] ACPI: Added _OSI(3.0 _SCP Extensions)
[    0.136690] ACPI: Added _OSI(Processor Aggregator Device)
[    0.137079] ACPI: Added _OSI(Linux-Dell-Video)
[    0.137410] ACPI: Added _OSI(Linux-Lenovo-NV-HDMI-Audio)
[    0.137783] ACPI: Added _OSI(Linux-HPI-Hybrid-Graphics)
[    0.138304] ACPI: Executed 1 blocks of module-level executable AML code
[    0.140994] ACPI: Interpreter enabled
[    0.141343] ACPI: (supports S0 S5)
[    0.141608] ACPI: Using IOAPIC for interrupt routing
[    0.142140] PCI: Using host bridge windows from ACPI; if necessary, use "pci=nocrs" and report a bug
[    0.143063] ACPI: Enabled 2 GPEs in block 00 to 07
[    0.147195] ACPI: PCI Root Bridge [PCI0] (domain 0000 [bus 00-ff])
[    0.147773] acpi PNP0A03:00: _OSC: OS supports [ExtendedConfig ASPM ClockPM Segments MSI]
[    0.148679] acpi PNP0A03:00: _OSC: platform does not support [PCIeCapability]
[    0.149520] acpi PNP0A03:00: _OSC: not requesting control; platform does not support [PCIeCapability]
[    0.150234] acpi PNP0A03:00: _OSC: OS requested [PCIeHotplug PME AER PCIeCapability]
[    0.151077] acpi PNP0A03:00: _OSC: platform willing to grant [PCIeHotplug PME AER]
[    0.152008] acpi PNP0A03:00: _OSC failed (AE_SUPPORT); disabling ASPM
[    0.152729] PCI host bridge to bus 0000:00
[    0.153373] pci_bus 0000:00: root bus resource [io  0x0000-0x0cf7 window]
[    0.153883] pci_bus 0000:00: root bus resource [io  0x0d00-0xffff window]
[    0.154397] pci_bus 0000:00: root bus resource [mem 0x000a0000-0x000bffff window]
[    0.154937] pci_bus 0000:00: root bus resource [mem 0x40000000-0xfdffffff window]
[    0.155517] pci_bus 0000:00: root bus resource [bus 00-ff]
[    0.156792] pci 0000:00:01.1: legacy IDE quirk: reg 0x10: [io  0x01f0-0x01f7]
[    0.157344] pci 0000:00:01.1: legacy IDE quirk: reg 0x14: [io  0x03f6]
[    0.157799] pci 0000:00:01.1: legacy IDE quirk: reg 0x18: [io  0x0170-0x0177]
[    0.158313] pci 0000:00:01.1: legacy IDE quirk: reg 0x1c: [io  0x0376]
[    0.172241] pci 0000:00:07.0: quirk: [io  0x4000-0x403f] claimed by PIIX4 ACPI
[    0.172988] pci 0000:00:07.0: quirk: [io  0x4100-0x410f] claimed by PIIX4 SMB
[    0.183070] ACPI: PCI Interrupt Link [LNKA] (IRQs 5 9 10 *11)
[    0.183831] ACPI: PCI Interrupt Link [LNKB] (IRQs 5 9 *10 11)
[    0.184077] ACPI: PCI Interrupt Link [LNKC] (IRQs 5 *9 10 11)
[    0.184680] ACPI: PCI Interrupt Link [LNKD] (IRQs 5 9 10 *11)
[    0.185499] SCSI subsystem initialized
[    0.185954] pci 0000:00:02.0: vgaarb: setting as boot VGA device
[    0.186498] pci 0000:00:02.0: vgaarb: VGA device added: decodes=io+mem,owns=io+mem,locks=none
[    0.187239] pci 0000:00:02.0: vgaarb: bridge control possible
[    0.187659] vgaarb: loaded
[    0.188020] ACPI: bus type USB registered
[    0.188342] usbcore: registered new interface driver usbfs
[    0.188755] usbcore: registered new interface driver hub
[    0.189146] usbcore: registered new device driver usb
[    0.189561] EDAC MC: Ver: 3.0.0
[    0.189972] PCI: Using ACPI for IRQ routing
[    0.190426] NetLabel: Initializing
[    0.190707] NetLabel:  domain hash size = 128
[    0.191049] NetLabel:  protocols = UNLABELED CIPSOv4 CALIPSO
[    0.191472] NetLabel:  unlabeled traffic allowed by default
[    0.191966] clocksource: Switched to clocksource kvm-clock
[    0.197049] VFS: Disk quotas dquot_6.6.0
[    0.197530] VFS: Dquot-cache hash table entries: 512 (order 0, 4096 bytes)
[    0.198220] AppArmor: AppArmor Filesystem Enabled
[    0.198676] pnp: PnP ACPI init
[    0.199535] pnp: PnP ACPI: found 3 devices
[    0.205080] clocksource: acpi_pm: mask: 0xffffff max_cycles: 0xffffff, max_idle_ns: 2085701024 ns
[    0.205946] NET: Registered protocol family 2
[    0.206376] IP idents hash table entries: 16384 (order: 5, 131072 bytes)
[    0.207102] TCP established hash table entries: 8192 (order: 4, 65536 bytes)
[    0.207618] TCP bind hash table entries: 8192 (order: 5, 131072 bytes)
[    0.208102] TCP: Hash tables configured (established 8192 bind 8192)
[    0.209139] UDP hash table entries: 512 (order: 2, 16384 bytes)
[    0.209622] UDP-Lite hash table entries: 512 (order: 2, 16384 bytes)
[    0.210132] NET: Registered protocol family 1
[    0.210483] pci 0000:00:00.0: Limiting direct PCI/PCI transfers
[    0.210939] pci 0000:00:01.0: Activating ISA DMA hang workarounds
[    0.211411] pci 0000:00:02.0: Video device with shadowed ROM at [mem 0x000c0000-0x000dffff]
[    0.212128] Unpacking initramfs...
[    0.419783] Freeing initrd memory: 19528K
[    0.420376] clocksource: tsc: mask: 0xffffffffffffffff max_cycles: 0x69bdb1a0bb2, max_idle_ns: 881590630565 ns
[    0.421311] platform rtc_cmos: registered platform RTC device (no PNP device found)
[    0.422025] Scanning for low memory corruption every 60 seconds
[    0.422872] Initialise system trusted keyrings
[    0.423251] Key type blacklist registered
[    0.423592] workingset: timestamp_bits=36 max_order=18 bucket_order=0
[    0.424676] zbud: loaded
[    0.425242] squashfs: version 4.0 (2009/01/31) Phillip Lougher
[    0.425771] fuse init (API version 7.26)
[    0.426569] Key type asymmetric registered
[    0.426921] Asymmetric key parser 'x509' registered
[    0.427301] Block layer SCSI generic (bsg) driver version 0.4 loaded (major 246)
[    0.427871] io scheduler noop registered
[    0.428193] io scheduler deadline registered
[    0.428533] io scheduler cfq registered (default)
[    0.429033] ACPI: AC Adapter [AC] (on-line)
[    0.429388] input: Power Button as /devices/LNXSYSTM:00/LNXPWRBN:00/input/input0
[    0.429947] ACPI: Power Button [PWRF]
[    0.430260] input: Sleep Button as /devices/LNXSYSTM:00/LNXSLPBN:00/input/input1
[    0.430819] ACPI: Sleep Button [SLPF]
[    0.431222] Serial: 8250/16550 driver, 32 ports, IRQ sharing enabled
[    0.451990] 00:02: ttyS0 at I/O 0x3f8 (irq = 4, base_baud = 115200) is a 16550A
[    0.453448] Linux agpgart interface v0.103
[    0.454480] loop: module loaded
[    0.455048] scsi host0: ata_piix
[    0.455386] scsi host1: ata_piix
[    0.455686] ata1: PATA max UDMA/33 cmd 0x1f0 ctl 0x3f6 bmdma 0xd000 irq 14
[    0.456198] ata2: PATA max UDMA/33 cmd 0x170 ctl 0x376 bmdma 0xd008 irq 15
[    0.456863] tun: Universal TUN/TAP device driver, 1.6
[    0.457278] PPP generic driver version 2.4.2
[    0.457634] ehci_hcd: USB 2.0 'Enhanced' Host Controller (EHCI) Driver
[    0.458095] ehci-pci: EHCI PCI platform driver
[    0.458446] ehci-platform: EHCI generic platform driver
[    0.458829] ohci_hcd: USB 1.1 'Open' Host Controller (OHCI) Driver
[    0.459268] ohci-pci: OHCI PCI platform driver
[    0.459600] ohci-platform: OHCI generic platform driver
[    0.459976] uhci_hcd: USB Universal Host Controller Interface driver
[    0.460592] i8042: PNP: PS/2 Controller [PNP0303:PS2K,PNP0f03:PS2M] at 0x60,0x64 irq 1,12
[    0.461529] serio: i8042 KBD port at 0x60,0x64 irq 1
[    0.461942] serio: i8042 AUX port at 0x60,0x64 irq 12
[    0.462347] mousedev: PS/2 mouse device common for all mice
[    0.462910] input: AT Translated Set 2 keyboard as /devices/platform/i8042/serio0/input/input2
[    0.463740] rtc_cmos rtc_cmos: rtc core: registered rtc_cmos as rtc0
[    0.464268] rtc_cmos rtc_cmos: alarms up to one day, 114 bytes nvram
[    0.464728] i2c /dev entries driver
[    0.465031] device-mapper: uevent: version 1.0.3
[    0.465413] device-mapper: ioctl: 4.37.0-ioctl (2017-09-20) initialised: dm-devel@redhat.com
[    0.466037] ledtrig-cpu: registered to indicate activity on CPUs
[    0.466629] NET: Registered protocol family 10
[    0.468660] Segment Routing with IPv6
[    0.469007] NET: Registered protocol family 17
[    0.469362] Key type dns_resolver registered
[    0.469761] mce: Using 0 MCE banks
[    0.470037] RAS: Correctable Errors collector initialized.
[    0.470453] sched_clock: Marking stable (468048990, 0)->(551953511, -83904521)
[    0.471053] registered taskstats version 1
[    0.471380] Loading compiled-in X.509 certificates
[    0.472838] Loaded X.509 cert 'Build time autogenerated kernel key: b5b26778eaa3ab3a4a6cee031137706e947d12ad'
[    0.473931] Loaded X.509 cert 'Canonical Ltd. Live Patch Signing: 14df34d1a87cf37625abec039ef2bf521249b969'
[    0.475055] Loaded X.509 cert 'Canonical Ltd. Kernel Module Signing: 88f752e560a1e0737e31163a466ad7b70a850c19'
[    0.475864] blacklist: Loading compiled-in revocation X.509 certificates
[    0.476407] Loaded X.509 cert 'Canonical Ltd. Secure Boot Signing: 61482aa2830d0ab2ad5af10b7250da9033ddcef0'
[    0.477118] Loaded X.509 cert 'Canonical Ltd. Secure Boot Signing (2017): 242ade75ac4a15e50d50c84b0d45ff3eae707a03'
[    0.477863] Loaded X.509 cert 'Canonical Ltd. Secure Boot Signing (ESM 2018): 365188c1d374d6b07c3c8f240f8ef722433d6a8b'
[    0.478606] Loaded X.509 cert 'Canonical Ltd. Secure Boot Signing (2019): c0746fd6c5da3ae827864651ad66ae47fe24b3e8'
[    0.479580] Loaded X.509 cert 'Canonical Ltd. Secure Boot Signing (2021 v1): a8d54bbb3825cfb94fa13c9f8a594a195c107b8d'
[    0.480425] Loaded X.509 cert 'Canonical Ltd. Secure Boot Signing (2021 v2): 4cf046892d6fd3c9a5b03f98d845f90851dc6a8c'
[    0.481279] Loaded X.509 cert 'Canonical Ltd. Secure Boot Signing (2021 v3): 100437bb6de6e469b581e61cd66bce3ef4ed53af'
[    0.482071] Loaded X.509 cert 'Canonical Ltd. Secure Boot Signing (Ubuntu Core 2019): c1d57b8f6b743f23ee41f4f7ee292f06eecadfb9'
[    0.482905] zswap: loaded using pool lzo/zbud
[    0.484839] Key type big_key registered
[    0.485169] Key type trusted registered
[    0.486145] Key type encrypted registered
[    0.486491] AppArmor: AppArmor sha1 policy hashing enabled
[    0.486901] ima: No TPM chip found, activating TPM-bypass! (rc=-19)
[    0.487350] ima: Allocated hash algorithm: sha1
[    0.487709] evm: HMAC attrs: 0x1
[    0.488118]   Magic number: 15:253:355
[    0.488423] input event1: hash matches
[    0.488782] rtc_cmos rtc_cmos: setting system clock to 2023-07-19 00:21:47 UTC (1689726107)
[    0.489437] BIOS EDD facility v0.16 2004-Jun-25, 0 devices found
[    0.489882] EDD information not available.
[    0.639673] Freeing unused kernel image memory: 2480K
[    0.648018] Write protecting the kernel read-only data: 20480k
[    0.649026] Freeing unused kernel image memory: 2008K
[    0.649699] Freeing unused kernel image memory: 1820K
[    0.655891] x86/mm: Checked W+X mappings: passed, no W+X pages found.
Loading, please wait...
starting version 237
[    0.719506] e1000: Intel(R) PRO/1000 Network Driver - version 7.3.21-k8-NAPI
[    0.720227] e1000: Copyright (c) 1999-2006 Intel Corporation.
[    0.723963] Fusion MPT base driver 3.04.20
[    0.724444] Copyright (c) 1999-2008 LSI Corporation
[    0.726709] Fusion MPT SPI Host driver 3.04.20
[    0.737650] AVX2 version of gcm_enc/dec engaged.
[    0.738136] AES CTR mode by8 optimization enabled
[    0.749781] mptbase: ioc0: Initiating bringup
[    0.844194] ioc0: LSI53C1030 A0: Capabilities={Initiator}
[    0.933332] input: ImExPS/2 Generic Explorer Mouse as /devices/platform/i8042/serio1/input/input4
[    1.085073] scsi host2: ioc0: LSI53C1030 A0, FwRev=00000000h, Ports=1, MaxQ=256, IRQ=20
[    1.252293] scsi 2:0:0:0: Direct-Access     VBOX     HARDDISK         1.0  PQ: 0 ANSI: 5
[    1.253439] scsi target2:0:0: Beginning Domain Validation
[    1.254937] scsi target2:0:0: Domain Validation skipping write tests
[    1.255409] scsi target2:0:0: Ending Domain Validation
[    1.255793] scsi target2:0:0: asynchronous
[    1.256270] scsi 2:0:1:0: Direct-Access     VBOX     HARDDISK         1.0  PQ: 0 ANSI: 5
[    1.256839] scsi target2:0:1: Beginning Domain Validation
[    1.257496] scsi target2:0:1: Domain Validation skipping write tests
[    1.257959] scsi target2:0:1: Ending Domain Validation
[    1.258336] scsi target2:0:1: asynchronous
[    1.260366] sd 2:0:0:0: [sda] 83886080 512-byte logical blocks: (42.9 GB/40.0 GiB)
[    1.260973] sd 2:0:0:0: [sda] Write Protect is off
[    1.261462] sd 2:0:0:0: [sda] Incomplete mode parameter data
[    1.261879] sd 2:0:0:0: [sda] Assuming drive cache: write through
[    1.262335] sd 2:0:0:0: Attached scsi generic sg0 type 0
[    1.263287] sd 2:0:1:0: [sdb] 20480 512-byte logical blocks: (10.5 MB/10.0 MiB)
[    1.264019] sd 2:0:1:0: [sdb] Write Protect is off
[    1.264577] sd 2:0:1:0: [sdb] Incomplete mode parameter data
[    1.265002] sd 2:0:1:0: [sdb] Assuming drive cache: write through
[    1.265784] sd 2:0:1:0: Attached scsi generic sg1 type 0
[    1.266717]  sda: sda1
[    1.267359] sd 2:0:0:0: [sda] Attached SCSI disk
[    1.267947] sd 2:0:1:0: [sdb] Attached SCSI disk
[    1.574202] e1000 0000:00:03.0 eth0: (PCI:33MHz:32-bit) 02:3b:7b:b7:3b:2d
[    1.574872] e1000 0000:00:03.0 eth0: Intel(R) PRO/1000 Network Connection
[    1.894215] e1000 0000:00:08.0 eth1: (PCI:33MHz:32-bit) 08:00:27:f5:0f:8a
[    1.894919] e1000 0000:00:08.0 eth1: Intel(R) PRO/1000 Network Connection
[    1.896255] e1000 0000:00:08.0 enp0s8: renamed from eth1
[    1.897621] e1000 0000:00:03.0 enp0s3: renamed from eth0
Begin: Loading essential drivers ... [    3.176142] raid6: sse2x1   gen()  8731 MB/s
[    3.224042] raid6: sse2x1   xor()  8627 MB/s
[    3.272214] raid6: sse2x2   gen() 18227 MB/s
[    3.320125] raid6: sse2x2   xor() 11690 MB/s
[    3.368037] raid6: sse2x4   gen() 18524 MB/s
[    3.416302] raid6: sse2x4   xor() 10051 MB/s
[    3.464620] raid6: avx2x1   gen() 20847 MB/s
[    3.512712] raid6: avx2x1   xor() 16930 MB/s
[    3.560263] raid6: avx2x2   gen() 36342 MB/s
[    3.608584] raid6: avx2x2   xor() 22487 MB/s
[    3.656097] raid6: avx2x4   gen() 37837 MB/s
[    3.704143] raid6: avx2x4   xor() 16879 MB/s
[    3.704577] raid6: using algorithm avx2x4 gen() 37837 MB/s
[    3.705071] raid6: .... xor() 16879 MB/s, rmw enabled
[    3.705532] raid6: using avx2x2 recovery algorithm
[    3.707324] xor: automatically using best checksumming function   avx       
[    3.708835] async_tx: api initialized (async)
done.
Begin: Running /scripts/init-premount ... done.
Begin: Mounting root file system ... Begin: Running /scripts/local-top ... done.
Begin: Running /scripts/local-premount ... [    3.743599] Btrfs loaded, crc32c=crc32c-intel
Scanning for Btrfs filesystems
done.
Warning: fsck not present, so skipping root file system
[    3.761006] EXT4-fs (sda1): mounted filesystem with ordered data mode. Opts: (null)
done.
Begin: Running /scripts/local-bottom ... done.
Begin: Running /scripts/init-bottom ... done.
[    3.874530] ip_tables: (C) 2000-2006 Netfilter Core Team
[    3.879890] systemd[1]: systemd 237 running in system mode. (+PAM +AUDIT +SELINUX +IMA +APPARMOR +SMACK +SYSVINIT +UTMP +LIBCRYPTSETUP +GCRYPT +GNUTLS +ACL +XZ +LZ4 +SECCOMP +BLKID +ELFUTILS +KMOD -IDN2 +IDN -PCRE2 default-hierarchy=hybrid)
[    3.882121] systemd[1]: Detected virtualization oracle.
[    3.882550] systemd[1]: Detected architecture x86-64.

Welcome to [1mUbuntu 18.04.6 LTS[0m!

[    3.885493] systemd[1]: Set hostname to <ubuntu>.
[    3.886872] systemd[1]: Initializing machine ID from random generator.
[    3.887445] systemd[1]: Installed transient /etc/machine-id file.
[    4.056165] systemd[1]: Reached target Swap.
[[0;32m  OK  [0m] Reached target Swap.
[    4.056935] systemd[1]: Started Forward Password Requests to Wall Directory Watch.
[[0;32m  OK  [0m] Started Forward Password Requests to Wall Directory Watch.
[    4.058046] systemd[1]: Reached target User and Group Name Lookups.
[[0;32m  OK  [0m] Reached target User and Group Name Lookups.
[    4.059255] systemd[1]: Created slice System Slice.
[[0;32m  OK  [0m] Created slice System Slice.
[[0;32m  OK  [0m] Listening on udev Kernel Socket.
[[0;32m  OK  [0m] Listening on Journal Socket.
         Mounting POSIX Message Queue File System...
[[0;32m  OK  [0m] Created slice system-serial\x2dgetty.slice.
[[0;32m  OK  [0m] Listening on Journal Audit Socket.
         Starting Load Kernel Modules...
         Mounting Kernel Debug File System...
[[0;32m  OK  [0m] Listening on udev Control Socket.
         Starting Set the console keyboard layout...
         Mounting Huge Pages File System...
[[0;32m  OK  [0m] Listening on fsck to fsckd communication Socket.
[[0;32m  OK  [0m] Listening on Syslog Socket.
         Starting Create list of required st…ce nodes for the current kernel...
         Starting udev Coldplug all Devices...
[[0;32m  OK  [0m] Reached target Mounting snaps.
[[0;32m  OK  [0m] Reached target Mounted snaps.
[[0;32m  OK  [0m] Listening on Device-mapper event daemon FIFOs.
[[0;32m  OK  [0m] Listening on Network Service Netlink Socket.
[[0;32m  OK  [0m] Listening on LVM2 metadata daemon socket.
[[0;32m  OK  [0m] Listening on Journal Socket (/dev/log).
         Starting Journal Service...
[[0;32m  OK  [0m] Listening on /dev/initctl Compatibility Named Pipe.
         Starting Monitoring of LVM2 mirrors…ng dmeventd or progress polling...
[[0;32m  OK  [0m] Set up automount Arbitrary Executab…rmats File System Automount Point.
[    4.089976] Loading iSCSI transport class v2.0-870.
[    4.093545] iscsi: registered transport (tcp)
[    4.103328] iscsi: registered transport (iser)
[[0;32m  OK  [0m] Reached target System Time Synchronized.
         Starting Uncomplicated firewall...
[[0;32m  OK  [0m] Created slice User and Session Slice.
[[0;32m  OK  [0m] Reached target Slices.
[[0;32m  OK  [0m] Listening on LVM2 poll daemon socket.
         Starting File System Check on Root Device...
[[0;32m  OK  [0m] Mounted POSIX Message Queue File System.
[[0;32m  OK  [0m] Started Load Kernel Modules.
[[0;32m  OK  [0m] Mounted Kernel Debug File System.
[[0;32m  OK  [0m] Mounted Huge Pages File System.
[[0;32m  OK  [0m] Started Create list of required sta…vice nodes for the current kernel.
         Starting Create Static Device Nodes in /dev...
         Mounting FUSE Control File System...
         Mounting Kernel Configuration File System...
         Starting Apply Kernel Variables...
[[0;32m  OK  [0m] Mounted FUSE Control File System.
[[0;32m  OK  [0m] Mounted Kernel Configuration File System.
[[0;32m  OK  [0m] Started Uncomplicated firewall.
[[0;32m  OK  [0m] Started File System Check Daemon to report status.
[[0;32m  OK  [0m] Started udev Coldplug all Devices.
[[0;32m  OK  [0m] Started Journal Service.
[[0;32m  OK  [0m] Started Create Static Device Nodes in /dev.
[[0;32m  OK  [0m] Started File System Check on Root Device.
         Starting Remount Root and Kernel File Systems...
[[0;32m  OK  [0m] Started LVM2 metadata daemon.
[[0;32m  OK  [0m] Started Apply Kernel Variables.
[[0;32m  OK  [0m] Started Remount Root and Kernel File Systems.
         Starting udev Kernel Device Manager...
         Starting Flush Journal to Persistent Storage...
         Starting Load/Save Random Seed...
[[0;32m  OK  [0m] Started Load/Save Random Seed.
[[0;32m  OK  [0m] Started udev Kernel Device Manager.
[[0;32m  OK  [0m] Started Monitoring of LVM2 mirrors,…sing dmeventd or progress polling.
[[0;32m  OK  [0m] Started Flush Journal to Persistent Storage.
[[0;32m  OK  [0m] Found device /dev/ttyS0.
[[0;32m  OK  [0m] Listening on Load/Save RF Kill Switch Status /dev/rfkill Watch.
         Mounting Arbitrary Executable File Formats File System...
[[0;32m  OK  [0m] Started Set the console keyboard layout.
[[0;32m  OK  [0m] Started Dispatch Password Requests to Console Directory Watch.
[[0;32m  OK  [0m] Reached target Local Encrypted Volumes.
[[0;32m  OK  [0m] Reached target Local File Systems (Pre).
[[0;32m  OK  [0m] Reached target Local File Systems.
         Starting Set console font and keymap...
         Starting Create Volatile Files and Directories...
         Starting Commit a transient machine-id on disk...
         Starting Tell Plymouth To Write Out Runtime Data...
         Starting ebtables ruleset management...
         Starting AppArmor initialization...
[[0;32m  OK  [0m] Mounted Arbitrary Executable File Formats File System.
[[0;32m  OK  [0m] Started Create Volatile Files and Directories.
[[0;32m  OK  [0m] Started Commit a transient machine-id on disk.
         Starting Update UTMP about System Boot/Shutdown...
[[0;32m  OK  [0m] Started Tell Plymouth To Write Out Runtime Data.
[[0;32m  OK  [0m] Started Update UTMP about System Boot/Shutdown.
[[0;32m  OK  [0m] Started ebtables ruleset management.
[[0;32m  OK  [0m] Started Set console font and keymap.
[[0;32m  OK  [0m] Started AppArmor initialization.
         Starting Initial cloud-init job (pre-networking)...
         Starting Load AppArmor profiles managed internally by snapd...
[[0;32m  OK  [0m] Started Load AppArmor profiles managed internally by snapd.
[    6.825152] cloud-init[797]: Cloud-init v. 23.1.2-0ubuntu0~18.04.1 running 'init-local' at Wed, 19 Jul 2023 00:21:53 +0000. Up 6.61 seconds.
[[0;32m  OK  [0m] Started Initial cloud-init job (pre-networking).
[[0;32m  OK  [0m] Reached target Network (Pre).
         Starting Network Service...
[[0;32m  OK  [0m] Started Network Service.
         Starting Network Name Resolution...
         Starting Wait for Network to be Configured...
[[0;32m  OK  [0m] Started Network Name Resolution.
[[0;32m  OK  [0m] Reached target Network.
[[0;32m  OK  [0m] Reached target Host and Network Name Lookups.
[[0;32m  OK  [0m] Started Wait for Network to be Configured.
         Starting Initial cloud-init job (metadata service crawler)...
[    8.626150] cloud-init[873]: Cloud-init v. 23.1.2-0ubuntu0~18.04.1 running 'init' at Wed, 19 Jul 2023 00:21:55 +0000. Up 8.53 seconds.
[    8.627004] cloud-init[873]: ci-info: ++++++++++++++++++++++++++++++++++++++Net device info+++++++++++++++++++++++++++++++++++++++
[    8.628099] cloud-init[873]: ci-info: +--------+-------+----------------------------+---------------+--------+-------------------+
[    8.628765] cloud-init[873]: ci-info: | Device |   Up  |          Address           |      Mask     | Scope  |     Hw-Address    |
[    8.629647] cloud-init[873]: ci-info: +--------+-------+----------------------------+---------------+--------+-------------------+
[    8.631840] cloud-init[873]: ci-info: | enp0s3 |  True |         10.0.2.15          | 255.255.255.0 | global | 02:3b:7b:b7:3b:2d |
[    8.632502] cloud-init[873]: ci-info: | enp0s3 |  True | fe80::3b:7bff:feb7:3b2d/64 |       .       |  link  | 02:3b:7b:b7:3b:2d |
[    8.633153] cloud-init[873]: ci-info: | enp0s8 | False |             .              |       .       |   .    | 08:00:27:f5:0f:8a |
[    8.633807] cloud-init[873]: ci-info: |   lo   |  True |         127.0.0.1          |   255.0.0.0   |  host  |         .         |
[    8.635240] cloud-init[873]: ci-info: |   lo   |  True |          ::1/128           |       .       |  host  |         .         |
[    8.637612] cloud-init[873]: ci-info: +--------+-------+----------------------------+---------------+--------+-------------------+
[    8.638326] cloud-init[873]: ci-info: ++++++++++++++++++++++++++++Route IPv4 info+++++++++++++++++++++++++++++
[    8.640299] cloud-init[873]: ci-info: +-------+-------------+----------+-----------------+-----------+-------+
[    8.640831] cloud-init[873]: ci-info: | Route | Destination | Gateway  |     Genmask     | Interface | Flags |
[    8.641411] cloud-init[873]: ci-info: +-------+-------------+----------+-----------------+-----------+-------+
[    8.642352] cloud-init[873]: ci-info: |   0   |   0.0.0.0   | 10.0.2.2 |     0.0.0.0     |   enp0s3  |   UG  |
[    8.644652] cloud-init[873]: ci-info: |   1   |   10.0.2.0  | 0.0.0.0  |  255.255.255.0  |   enp0s3  |   U   |
[    8.645261] cloud-init[873]: ci-info: |   2   |   10.0.2.2  | 0.0.0.0  | 255.255.255.255 |   enp0s3  |   UH  |
[    8.647731] cloud-init[873]: ci-info: +-------+-------------+----------+-----------------+-----------+-------+
[    8.648330] cloud-init[873]: ci-info: +++++++++++++++++++Route IPv6 info+++++++++++++++++++
[    8.648849] cloud-init[873]: ci-info: +-------+-------------+---------+-----------+-------+
[    8.651699] cloud-init[873]: ci-info: | Route | Destination | Gateway | Interface | Flags |
[    8.652337] cloud-init[873]: ci-info: +-------+-------------+---------+-----------+-------+
[    8.652877] cloud-init[873]: ci-info: |   1   |  fe80::/64  |    ::   |   enp0s3  |   U   |
[    8.653380] cloud-init[873]: ci-info: |   3   |    local    |    ::   |   enp0s3  |   U   |
[    8.655512] cloud-init[873]: ci-info: |   4   |   ff00::/8  |    ::   |   enp0s3  |   U   |
[    8.656121] cloud-init[873]: ci-info: +-------+-------------+---------+-----------+-------+
[    9.277450] cloud-init[873]: Generating public/private rsa key pair.
[    9.277816] cloud-init[873]: Your identification has been saved in /etc/ssh/ssh_host_rsa_key.
[    9.278222] cloud-init[873]: Your public key has been saved in /etc/ssh/ssh_host_rsa_key.pub.
[    9.278607] cloud-init[873]: The key fingerprint is:
[    9.278898] cloud-init[873]: SHA256:CgMBKlKpXhgFqqkt6bULsfZzAzy1HP3fm6qYPL30jQU root@ubuntu-bionic
[    9.279304] cloud-init[873]: The key's randomart image is:
[    9.279615] cloud-init[873]: +---[RSA 2048]----+
[    9.279908] cloud-init[873]: |.o=o             |
[    9.280248] cloud-init[873]: |oo..             |
[    9.282422] cloud-init[873]: |=.+   .          |
[    9.282671] cloud-init[873]: |=o o o .         |
[    9.282961] cloud-init[873]: |+.o = o S  E     |
[    9.283248] cloud-init[873]: |.+o+ = . .  .    |
[    9.283540] cloud-init[873]: |++..o . ... ..   |
[    9.283830] cloud-init[873]: |o.+..o..+...+..  |
[    9.288376] cloud-init[873]: | . ++ .+.oo+.+.  |
[    9.288698] cloud-init[873]: +----[SHA256]-----+
[    9.289000] cloud-init[873]: Generating public/private dsa key pair.
[    9.289344] cloud-init[873]: Your identification has been saved in /etc/ssh/ssh_host_dsa_key.
[    9.289758] cloud-init[873]: Your public key has been saved in /etc/ssh/ssh_host_dsa_key.pub.
[    9.290174] cloud-init[873]: The key fingerprint is:
[    9.290469] cloud-init[873]: SHA256:CLO9Fi90wNjr9icbO9MXcstVOP0IuM8GFXSI3dNomTQ root@ubuntu-bionic
[    9.290845] cloud-init[873]: The key's randomart image is:
[    9.291159] cloud-init[873]: +---[DSA 1024]----+
[    9.291442] cloud-init[873]: |           +.+E= |
[    9.291725] cloud-init[873]: |     +    . +.B..|
[    9.292014] cloud-init[873]: |    + +    . o + |
[    9.296259] cloud-init[873]: |     = +  . o o o|
[    9.296615] cloud-init[873]: |    . * S  o . +.|
[    9.296910] cloud-init[873]: |     o =  + o o .|
[    9.297200] cloud-init[873]: |      * o. B +   |
[    9.297482] cloud-init[873]: |     o o+oo B    |
[    9.297768] cloud-init[873]: |        +* o     |
[    9.298062] cloud-init[873]: +----[SHA256]-----+
[    9.298355] cloud-init[873]: Generating public/private ecdsa key pair.
[    9.298705] cloud-init[873]: Your identification has been saved in /etc/ssh/ssh_host_ecdsa_key.
[    9.299135] cloud-init[873]: Your public key has been saved in /etc/ssh/ssh_host_ecdsa_key.pub.
[    9.299560] cloud-init[873]: The key fingerprint is:
[    9.300258] cloud-init[873]: SHA256:xJGScNlHjjodNZmq3Nb8rSe+RbXSnHlcaFUaOsBtiFo root@ubuntu-bionic
[    9.304222] cloud-init[873]: The key's randomart image is:
[    9.304635] cloud-init[873]: +---[ECDSA 256]---+
[    9.304931] cloud-init[873]: |    ...+.===  . +|
[    9.305220] cloud-init[873]: |     .+.E=*oo. = |
[    9.305513] cloud-init[873]: |       +=o..o + o|
[    9.305797] cloud-init[873]: |      .+..   ooo=|
[    9.306086] cloud-init[873]: |     .ooSo   ..*o|
[    9.306375] cloud-init[873]: |      o.o o  .. .|
[    9.306659] cloud-init[873]: |       .   . ..  |
[    9.306944] cloud-init[873]: |            o.o  |
[    9.307227] cloud-init[873]: |           .+=   |
[    9.308256] cloud-init[873]: +----[SHA256]-----+
[    9.308572] cloud-init[873]: Generating public/private ed25519 key pair.
[    9.312197] cloud-init[873]: Your identification has been saved in /etc/ssh/ssh_host_ed25519_key.
[    9.312708] cloud-init[873]: Your public key has been saved in /etc/ssh/ssh_host_ed25519_key.pub.
[    9.313147] cloud-init[873]: The key fingerprint is:
[    9.313446] cloud-init[873]: SHA256:kQKaAWw/C7e13schoGr4alNkz7XwM7c2mNdQLvDtuaI root@ubuntu-bionic
[    9.313879] cloud-init[873]: The key's randomart image is:
[    9.314206] cloud-init[873]: +--[ED25519 256]--+
[    9.314488] cloud-init[873]: |o.. .            |
[    9.314808] cloud-init[873]: | o + .   .       |
[    9.315100] cloud-init[873]: |. +   . o        |
[    9.316166] cloud-init[873]: | . * + + . .     |
[    9.316510] cloud-init[873]: |  = O * S +      |
[    9.320251] cloud-init[873]: |   = + * * o     |
[    9.320597] cloud-init[873]: |. o . . O B .    |
[    9.320881] cloud-init[873]: |.=   . + O +     |
[    9.321211] cloud-init[873]: |+oo    E= o..    |
[    9.321502] cloud-init[873]: +----[SHA256]-----+
[[0;32m  OK  [0m] Started Initial cloud-init job (metadata service crawler).
[[0;32m  OK  [0m] Reached target Network is Online.
         Starting Availability of block devices...
[[0;32m  OK  [0m] Reached target Remote File Systems (Pre).
[[0;32m  OK  [0m] Reached target Remote File Systems.
[[0;32m  OK  [0m] Reached target System Initialization.
[[0;32m  OK  [0m] Started Discard unused blocks once a week.
         Starting Socket activation for snappy daemon.
[[0;32m  OK  [0m] Listening on D-Bus System Message Bus Socket.
[[0;32m  OK  [0m] Listening on Open-iSCSI iscsid Socket.
[[0;32m  OK  [0m] Listening on UUID daemon activation socket.
[[0;32m  OK  [0m] Started Daily apt download activities.
[[0;32m  OK  [0m] Started Ubuntu Advantage Timer for running repeated jobs.
[[0;32m  OK  [0m] Started ACPI Events Check.
[[0;32m  OK  [0m] Started Message of the Day.
[[0;32m  OK  [0m] Listening on cloud-init hotplug hook socket.
[[0;32m  OK  [0m] Listening on ACPID Listen Socket.
[[0;32m  OK  [0m] Reached target Paths.
[[0;32m  OK  [0m] Started Daily apt upgrade and clean activities.
         Starting LXD - unix socket.
[[0;32m  OK  [0m] Started Daily Cleanup of Temporary Directories.
[[0;32m  OK  [0m] Reached target Timers.
[[0;32m  OK  [0m] Reached target Cloud-config availability.
[[0;32m  OK  [0m] Started Availability of block devices.
[[0;32m  OK  [0m] Listening on Socket activation for snappy daemon.
[[0;32m  OK  [0m] Listening on LXD - unix socket.
[[0;32m  OK  [0m] Reached target Sockets.
[[0;32m  OK  [0m] Reached target Basic System.
         Starting Permit User Sessions...
         Starting Dispatcher daemon for systemd-networkd...
         Starting Virtualbox guest utils...
         Starting System Logging Service...
[[0;32m  OK  [0m] Started irqbalance daemon.
[[0;32m  OK  [0m] Started D-Bus System Message Bus.
         Starting Login Service...
         Starting LSB: Record successful boot for GRUB...
         Starting Accounts Service...
[[0;32m  OK  [0m] Started Deferred execution scheduler.
[[0;32m  OK  [0m] Started FUSE filesystem for LXC.
[[0;32m  OK  [0m] Started Regular background program processing daemon.
         Starting LSB: automatic crash report generation...
[[0;32m  OK  [0m] Reached target Login Prompts (Pre).
         Starting Snap Daemon...
         Starting Pollinate to seed the pseudo random number generator...
         Starting LXD - container startup/shutdown...
[[0;32m  OK  [0m] Started System Logging Service.
[[0;32m  OK  [0m] Started Permit User Sessions.
         Starting Terminate Plymouth Boot Screen...
         Starting Hold until boot process finishes up...
[[0;32m  OK  [0m] Started Hold until boot process finishes up.
[[0;32m  OK  [0m] Started Terminate Plymouth Boot Screen.
         Starting Set console scheme...
[[0;32m  OK  [0m] Started Serial Getty on ttyS0.
[[0;32m  OK  [0m] Started Login Service.
[[0;32m  OK  [0m] Started Unattended Upgrades Shutdown.
[[0;32m  OK  [0m] Started Set console scheme.
[[0;32m  OK  [0m] Created slice system-getty.slice.
[[0;32m  OK  [0m] Started Getty on tty1.
[[0;32m  OK  [0m] Reached target Login Prompts.
[[0;32m  OK  [0m] Started LSB: automatic crash report generation.
         Starting Authorization Manager...
[[0;32m  OK  [0m] Started Authorization Manager.
[[0;32m  OK  [0m] Started Accounts Service.
[[0;32m  OK  [0m] Started LSB: Record successful boot for GRUB.
[[0;32m  OK  [0m] Started LXD - container startup/shutdown.
[[0;32m  OK  [0m] Started Virtualbox guest utils.
[[0;32m  OK  [0m] Started Dispatcher daemon for systemd-networkd.
[[0;32m  OK  [0m] Started Snap Daemon.
         Starting Wait until snapd is fully seeded...
         Starting Time & Date Service...
[[0;32m  OK  [0m] Started Time & Date Service.
[[0;32m  OK  [0m] Started Pollinate to seed the pseudo random number generator.
         Starting OpenBSD Secure Shell server...
[[0;32m  OK  [0m] Started OpenBSD Secure Shell server.
[[0;32m  OK  [0m] Created slice User Slice of vagrant.
         Starting User Manager for UID 1000...
[[0;32m  OK  [0m] Started Session 1 of user vagrant.
[[0;32m  OK  [0m] Started User Manager for UID 1000.

Ubuntu 18.04.6 LTS ubuntu-bionic ttyS0

ubuntu-bionic login: [   20.380993] cloud-init[1967]: Cloud-init v. 23.1.2-0ubuntu0~18.04.1 running 'modules:config' at Wed, 19 Jul 2023 00:22:07 +0000. Up 20.08 seconds.
ci-info: no authorized SSH keys fingerprints found for user ubuntu.
<14>Jul 19 00:22:07 cloud-init: #############################################################
<14>Jul 19 00:22:07 cloud-init: -----BEGIN SSH HOST KEY FINGERPRINTS-----
<14>Jul 19 00:22:07 cloud-init: 1024 SHA256:CLO9Fi90wNjr9icbO9MXcstVOP0IuM8GFXSI3dNomTQ root@ubuntu-bionic (DSA)
<14>Jul 19 00:22:07 cloud-init: 256 SHA256:xJGScNlHjjodNZmq3Nb8rSe+RbXSnHlcaFUaOsBtiFo root@ubuntu-bionic (ECDSA)
<14>Jul 19 00:22:07 cloud-init: 256 SHA256:kQKaAWw/C7e13schoGr4alNkz7XwM7c2mNdQLvDtuaI root@ubuntu-bionic (ED25519)
<14>Jul 19 00:22:07 cloud-init: 2048 SHA256:CgMBKlKpXhgFqqkt6bULsfZzAzy1HP3fm6qYPL30jQU root@ubuntu-bionic (RSA)
<14>Jul 19 00:22:07 cloud-init: -----END SSH HOST KEY FINGERPRINTS-----
<14>Jul 19 00:22:07 cloud-init: #############################################################
-----BEGIN SSH HOST KEY KEYS-----
ecdsa-sha2-nistp256 AAAAE2VjZHNhLXNoYTItbmlzdHAyNTYAAAAIbmlzdHAyNTYAAABBBGJpF8CmYVmhihr3J3176yq7OMNB/CNvIaw8Rdef4+ZbNavWuOaio2Bj7tgo4AmavuaF5jsBYn4JiJ7Bccd9Pkc= root@ubuntu-bionic
ssh-ed25519 AAAAC3NzaC1lZDI1NTE5AAAAICB8/LErYSLyAY5DE1cnVBgAeK97oUP19LsDmlNuR2cj root@ubuntu-bionic
ssh-rsa AAAAB3NzaC1yc2EAAAADAQABAAABAQC8AHQr4p6reLshU3kZBmEXU/fIDYvfIQfKz8FcojYVX7UOBV91VrgzXaUoAm4m/dCdqwVnqG/1tJu0ykTiHiKFBn4myCgkXM6PLoRptwswoMtkQhHeUuKsa6+UsLyjbzfRKXmgLCeLavurjWVsM6EArne+fRKhiAbjgkC+qodrloTEOkdvCwrrR9n+0aIqUjw43aRohPrv1qoUpuKWS6ZPPRrM0aIi4ChzwQf7fInShIwNp9JV3Om0O24PKJgYYU4uYRAc/rWbQCc1/ABFR46JGBXeDx1YHksYqsl2daVNc3tCbWPPBQ7re2vSByRaj0h39DarZyqd2jaVqlntnscD root@ubuntu-bionic
-----END SSH HOST KEY KEYS-----
[   20.934171] cloud-init[2051]: Cloud-init v. 23.1.2-0ubuntu0~18.04.1 running 'modules:final' at Wed, 19 Jul 2023 00:22:07 +0000. Up 20.79 seconds.
[   20.934914] cloud-init[2051]: Cloud-init v. 23.1.2-0ubuntu0~18.04.1 finished at Wed, 19 Jul 2023 00:22:07 +0000. Datasource DataSourceNoCloud [seed=/dev/sdb][dsmode=net].  Up 20.92 seconds
